<?xml version="1.0" encoding="UTF-8"?>
<!-- Generated by org.testng.reporters.JUnitReportReporter -->
<testsuite hostname="LAPTOP-PCPDROLR" failures="0" tests="5" name="ui.TestFindHotel" time="99.664" errors="0" timestamp="2022-11-09T18:50:58 SAST" skipped="0">
  <testcase classname="ui.TestFindHotel" name="loadUrl" time="15.764"/>
  <system-out/>
  <testcase classname="ui.TestFindHotel" name="selectDestinationAndSearch" time="55.235"/>
  <system-out/>
  <testcase classname="ui.TestFindHotel" name="selectDates" time="27.907"/>
  <system-out/>
  <testcase classname="ui.TestFindHotel" name="search" time="0.702"/>
  <system-out/>
  <testcase classname="ui.TestFindHotel" name="clickHotelonBudget" time="0.056"/>
  <system-out/>
</testsuite> <!-- ui.TestFindHotel -->
